<?xml version="1.0" encoding="UTF-8"?>
<!-- Generated by org.testng.reporters.JUnitXMLReporter -->
<testsuite hostname="DESKTOP-5OUP2NH" ignored="0" name="GumtreeAdsAutomation" tests="3" failures="0" timestamp="23 Aug 2019 19:12:07 GMT" time="574.648" errors="0">
  <testcase name="runShortTermRentalTestCases" time="98.332" classname="driver.ShortTermRentalTest"/>
  <testcase name="runShortTermRentalTestCases" time="141.729" classname="driver.ShortTermRentalTest"/>
  <testcase name="runShortTermRentalTestCases" time="132.013" classname="driver.ShortTermRentalTest"/>
</testsuite> <!-- GumtreeAdsAutomation -->
